[codare.fun/index.html]
[backblue.gif]
[fade.gif]
[index.html]
[pagead2.googlesyndication.com/pagead/js/f.txt]
[images-ext-1.discordapp.net/external/hP--_u31hRBbgRD5YOKH9OXQOLseUeEOJEMb3eiIHmg/https/media.discordapp.net/attachments/715886415296069652/732632254303436880/a_668db0e197bcc75e8c463b93cced3c7d_2.gif]
[cdn.discordapp.com/attachments/715886415296069652/759848282422771732/New_Project_63_7E2F688.png]
[codare.fun/assets/bootstrap/css/bootstrap.min9ac5.css]
[use.fontawesome.com/releases/v5.12.0/css/all.css]
[codare.fun/kategori/js.html]
[codare.fun/kategori/html.html]
[codare.fun/kategori/py.html]
[codare.fun/kategori/diger.html]
[codare.fun/kategori/js+.html]
[codare.fun/kategori/altyapi.html]
[codare.fun/kategori/booster.html]
[codare.fun/yetkililer.html]
[codare.fun/sss.html]
[codare.fun/v11tov12.html]
[codare.fun/index.css]
[images-ext-2.discordapp.net/external/o5_CdvojtbiqP7gf4p0fZbc4TA-2rUGb42nsBmlDcDU/https/images-ext-1.discordapp.net/external/hP--_u31hRBbgRD5YOKH9OXQOLseUeEOJEMb3eiIHmg/https/media.discordap/a_668db0e197bcc75e8c463]
[images.dmca.com/Badges/dmca-badge-w100-5x1-076c7b.png]
[images.dmca.com/Badges/DMCABadgeHelper.min.js]
[cdnjs.cloudflare.com/ajax/libs/jquery/3.4.1/jquery.min.js]
[cdnjs.cloudflare.com/ajax/libs/twitter-bootstrap/4.5.0/js/bootstrap.bundle.min.js]
[cdnjs.cloudflare.com/ajax/libs/jquery-easing/1.4.1/jquery.easing.js]
[codare.fun/assets/js/script.min4f7d.js]
[codare.fun/index.html]
[codare.fun/assets/bootstrap/css/bootstrap.min9ac5.css]
[use.fontawesome.com/releases/v5.12.0/css/all.css]
[codare.fun/kategori/js73bb.html]
[codare.fun/kategori/js23b5.html]
[codare.fun/kategori/js5c8b.html]
[codare.fun/kategori/js6827.html]
[codare.fun/kategori/js6a3b.html]
[codare.fun/kategori/js.html]
[codare.fun/kategori/html.html]
[codare.fun/kategori/html73bb.html]
[codare.fun/kategori/py.html]
[codare.fun/kategori/py73bb.html]
[codare.fun/kategori/diger.html]
[codare.fun/kategori/diger73bb.html]
[codare.fun/kategori/js+.html]
[codare.fun/kategori/js+73bb.html]
[codare.fun/kategori/altyapi.html]
[codare.fun/kategori/altyapi73bb.html]
[codare.fun/kategori/booster.html]
[codare.fun/kategori/booster73bb.html]
[cdn.discordapp.com/avatars/683036205453148190/a_5aa6266862195a52921bcfe0737921ad9ab4.gif]
[cdn.discordapp.com/avatars/705704497329995876/a_5cb3c450c1a82a9924b75f088cb423579ab4.gif]
[cdn.discordapp.com/avatars/712837126625951804/a_f9caa5387400390e778aad39d23fdb469ab4.gif]
[cdn.discordapp.com/avatars/338316550442450954/a_f1fdc4aec2fa1a2c2d99337f1fead7f39ab4.gif]
[cdn.discordapp.com/avatars/460867393141342218/a_6814233dc3ee54d4ca4981a0c9d68cbc9ab4.gif]
[cdn.discordapp.com/avatars/752287355687403581/a_48c8c71e536fb8a70c7fd267de5298d39ab4.gif]
[cdn.discordapp.com/avatars/561880107262672897/a_132a3ee729db3ed49fb327f1f76407df9ab4.gif]
[cdn.discordapp.com/avatars/542796382566875136/a_5701f3fdcda5630e846c9d81add8b99f9ab4.gif]
[cdn.discordapp.com/avatars/574523904262144010/a_5b49f2fb9198db5b4c398253ce67a7419ab4.gif]
[cdn.discordapp.com/avatars/539874816820379648/a_34565fb9e02230aac14452a2fe2418c09ab4.gif]
[cdn.discordapp.com/avatars/363560818303827969/a_e9bb78283dc0da1ef268460b659853c89ab4.gif]
[cdn.discordapp.com/avatars/716615097765593250/a_cee2daab626a57a21b36f5faedda91029ab4.gif]
[cdn.discordapp.com/avatars/626860660407402519/a_6542fda15f57e3844de95c9c6b5268909ab4.gif]
[cdn.discordapp.com/avatars/592292289544716288/a_ea305527c7b4c2d6217178b48f53ab359ab4.gif]
[cdn.discordapp.com/avatars/519484130111520768/a_82fb8b9c2f4caf27057513aa46f1d61d9ab4.gif]
[cdn.discordapp.com/avatars/751403763142623232/a_591ffdc6622113036db4b6bb7d990cc99ab4.gif]
[cdn.discordapp.com/avatars/739975127097147433/a_a89695791e946c013f18243590ec7a559ab4.gif]
[cdn.discordapp.com/avatars/719839583701041154/a_40ad551430caf482977968f25abe25839ab4.gif]
[cdn.discordapp.com/avatars/755584753503043614/a_965bd0fa00d63f03a4e23dbd8782a51b9ab4.gif]
[cdn.discordapp.com/avatars/682319301817925640/a_90a6e9f8b7f0824e933cc9ab8256f58a9ab4.gif]
[cdn.discordapp.com/avatars/768862603690508309/a_241195b0b4ac2d28ab80417dd8312cdf9ab4.gif]
[cdn.discordapp.com/avatars/660581477414862859/a_a508c995d7813e4e9ac5b50cb694d66d9ab4.gif]
[cdn.discordapp.com/avatars/239330400223232000/a_585371191f2e8632f35d9a828c7a41869ab4.gif]
[cdn.discordapp.com/avatars/276718304553467904/a_90f4477adb2feb4d7fd0ce7d40c36c8c9ab4.gif]
[cdn.discordapp.com/avatars/477946937451216917/a_c8ee77a3d149d904b881c7dbab0f84909ab4.gif]
[cdn.discordapp.com/avatars/261100059494449152/a_ab2890f35220b6b246084958cdf972369ab4.gif]
[cdn.discordapp.com/avatars/317291220802076673/a_cba3b03f89b9fe897b605cb04075b1749ab4.gif]
[cdn.discordapp.com/avatars/550303519530418186/a_7c81bbc41572ac1dfe7bb2bbeee628ba9ab4.gif]
[cdn.discordapp.com/avatars/713353373734141972/a_92519eaeb135982eeac6ffde13893fdb9ab4.gif]
[cdn.discordapp.com/avatars/642755305842671627/a_3f00dac0801c71aa10347f4df81a37279ab4.gif]
[cdn.discordapp.com/avatars/760025564400189460/a_bd8edfee273b1a53a78d2b7091e1e5569ab4.gif]
[cdn.discordapp.com/avatars/758937434674298890/a_1e574a55b6a0aa3ae71c1a8640c4860a9ab4.gif]
[cdn.discordapp.com/avatars/762752206746550282/a_b1c8ee72c504acf1766aadf344e37ffd9ab4.gif]
[cdn.discordapp.com/avatars/299571263670583296/a_941bc54bc4532b4fad45131ecac30ce79ab4.gif]
[cdn.discordapp.com/avatars/648735129061031956/a_31ad9ec35ac41119d984b87467c1d22a9ab4.gif]
[cdn.discordapp.com/avatars/754573465633423410/a_6e7a9525525e9ed6f9b3339e3d6be3629ab4.gif]
[cdn.discordapp.com/avatars/315033416099692544/a_ec55edd0ab5e421a6f763831b4ed33059ab4.gif]
[cdn.discordapp.com/avatars/729271890480463912/a_3410f91e69e203c39b52cf3fca8bc3199ab4.gif]
[cdn.discordapp.com/avatars/476747649060569119/a_b8769790cee7b2f75a59c20478c056009ab4.gif]
[cdn.discordapp.com/avatars/340067338919477258/a_4bcc87194f939f35a11ea3060689c1999ab4.gif]
[cdn.discordapp.com/avatars/359726170520027137/a_a2433e16c3f157e6f2dd78bac7bee7de9ab4.gif]
[cdn.discordapp.com/avatars/756081596569747507/a_9e44a0d65c5c03da1cedc83ba3d55f869ab4.gif]
[cdn.discordapp.com/avatars/282472937095692288/a_fd0e829062dbb59718e8c0de606f585c9ab4.gif]
[cdn.discordapp.com/avatars/351795884704399373/a_e5d3107fc8659986f825c76443a461169ab4.gif]
[cdn.discordapp.com/avatars/724341733227495545/a_f4acd2644031316d9e0ae1875ef5312f9ab4.gif]
[cdn.discordapp.com/embed/avatars/3.png]
[cdn.discordapp.com/avatars/350199250417876992/a_7b77f754f03459889481183238ae31339ab4.gif]
[cdn.discordapp.com/avatars/466643511928684545/a_ed196418d1c393f58abbce016f47f6699ab4.gif]
[cdn.discordapp.com/avatars/712282397995171871/a_77e57a3202345b49b9d4b6daaf9a0e479ab4.gif]
[cdn.discordapp.com/avatars/769998617850937364/a_bbbd04af94a38b7560f9cb81b7885ca59ab4.gif]
[cdn.discordapp.com/avatars/751952536021368893/a_73bdb7233fb86e58cc9912968a7fb3a19ab4.gif]
[cdn.discordapp.com/avatars/700385307077509180/a_62cf828a1f64881cc854e9c8a4b64ad09ab4.gif]
[cdn.discordapp.com/avatars/715214897671176192/a_74c2bb8195b4755b93779159865ae6249ab4.gif]
[cdn.discordapp.com/avatars/429216270752284673/a_c9edb1e10ab60b454af19617be2103289ab4.gif]
[cdn.discordapp.com/avatars/754091776029098064/a_0b0f566ed640cb1c8294bbe15722a19a9ab4.gif]
[cdn.discordapp.com/avatars/702463861034319974/a_b9637187178bb505dc7396f9d9a974d09ab4.gif]
[cdn.discordapp.com/avatars/765931679750684742/a_b2f46505ba882b9c94816872a3d174859ab4.gif]
[cdn.discordapp.com/avatars/658657444666540043/a_418ce84c7867d4746bf429c3025418789ab4.gif]
[cdn.discordapp.com/avatars/718869983719063642/a_4bac7d5a8615a46cfc8e11e6a29762409ab4.gif]
[cdn.discordapp.com/avatars/720383883237130427/a_c5ea604e6a116d6d618ff451999ceb329ab4.gif]
[cdn.discordapp.com/avatars/370895477995995136/a_399005796151b274b8555f79858470659ab4.gif]
[cdn.discordapp.com/avatars/285762754692775936/a_9a70d8d9f420ef3b5606b4f730c4f03b9ab4.gif]
[cdn.discordapp.com/embed/avatars/1.png]
[codare.fun/staffs.css]
[codare.fun/yetkililer.html]
[codare.fun/sss.html]
[cdnjs.cloudflare.com/ajax/libs/highlight.js/10.4.0/styles/hybrid.min.css]
[codare.fun/v11tov12.html]
[codare.fun/index.css]
[cdnjs.cloudflare.com/ajax/libs/highlight.js/10.4.0/highlight.min.js]
[codare.fun/kategori/js73bb.html]
[codare.fun/kategori/js23b5.html]
[codare.fun/kategori/js2a3d.html]
[codare.fun/kategori/js5c8b.html]
[codare.fun/kategori/js71b8.html]
[codare.fun/kategori/js6827.html]
[codare.fun/kategori/js8b12.html]
[codare.fun/kategori/js41a6.html]
[codare.fun/kategori/jsfa11.html]
[codare.fun/kategori/js6a3b.html]
[codare.fun/kategori/jsd7c2.html]
[codare.fun/kategori/html73bb.html]
[codare.fun/kategori/py73bb.html]
[codare.fun/kategori/diger73bb.html]
[codare.fun/kategori/js+73bb.html]
[codare.fun/kategori/altyapi73bb.html]
[codare.fun/kategori/booster73bb.html]
[codare.fun/staffs.css]
[cdnjs.cloudflare.com/ajax/libs/highlight.js/10.4.0/styles/hybrid.min.css]
[codare.fun/kategori/js2a3d.html]
[codare.fun/kategori/jsf53a.html]
[codare.fun/kategori/js71b8.html]
[codare.fun/kategori/js8033.html]
[codare.fun/kategori/js8b12.html]
[codare.fun/kategori/js158d.html]
[codare.fun/kategori/js41a6.html]
[codare.fun/kategori/jsa9d0.html]
[codare.fun/kategori/jsfa11.html]
[codare.fun/kategori/jsd7c2.html]
[codare.fun/kategori/jsf53a.html]
[codare.fun/kategori/js8033.html]
[codare.fun/kategori/js158d.html]
[codare.fun/kategori/jsa9d0.html]
